<?xml version="1.0" encoding="UTF-8"?>
<!-- Generated by org.testng.reporters.JUnitXMLReporter -->
<testsuite ignored="0" hostname="RahulZagade-PC" failures="0" tests="3" name="Test" time="35.25" errors="0" timestamp="2022-01-05T12:20:55 IST">
  <testcase classname="testNGTest.loksattaFeatures" name="openLoksatta" time="17.293"/>
  <testcase classname="testNGTest.googleFeatures" name="navigateGoogle" time="17.809"/>
  <testcase classname="testNGTest.prac" name="disp" time="0.001"/>
</testsuite> <!-- Test -->
