<?xml version="1.0" encoding="UTF-8"?>
<testng-results ignored="0" total="1" passed="1" failed="0" skipped="0">
  <reporter-output>
  </reporter-output>
  <suite started-at="2022-01-04T21:19:28 IST" name="Default suite" finished-at="2022-01-04T21:19:41 IST" duration-ms="13072">
    <groups>
    </groups>
    <test started-at="2022-01-04T21:19:28 IST" name="Default test" finished-at="2022-01-04T21:19:41 IST" duration-ms="13072">
      <class name="testNGTest.googleFeatures">
        <test-method signature="navigateGoogle()[pri:0, instance:testNGTest.googleFeatures@1e1d3956]" started-at="2022-01-04T21:19:28 IST" name="navigateGoogle" finished-at="2022-01-04T21:19:41 IST" duration-ms="13018" status="PASS">
          <reporter-output>
          </reporter-output>
        </test-method> <!-- navigateGoogle -->
      </class> <!-- testNGTest.googleFeatures -->
    </test> <!-- Default test -->
  </suite> <!-- Default suite -->
</testng-results>
